Checking secondary net through power switch is enabled. 
Secondary net will be checked together from primary net. They will be treated as the same net
Primary Net : VDD    Secondary Net:
Primary Net : VSS    Secondary Net:
Loading cell instances...
Number of Standard Cells: 27
Number of Macro Cells: 0
Number of IO Pad Cells: 0
Number of Blocks: 0
Loading P/G wires and vias...
Number of VDD Wires: 6
Number of VDD Vias: 0
Number of VDD Terminals: 0
**************Verify net VDD connectivity*****************
  Number of floating wires: 5
  Number of floating vias: 0
  Number of floating std cells: 27
  Number of floating hard macros: 0
  Number of floating I/O pads: 0
  Number of floating terminals: 0
  Number of floating hierarchical blocks: 0
************************************************************
Loading cell instances...
Loading P/G wires and vias...
Number of VSS Wires: 5
Number of VSS Vias: 0
Number of VSS Terminals: 0
**************Verify net VSS connectivity*****************
  Number of floating wires: 4
  Number of floating vias: 0
  Number of floating std cells: 27
  Number of floating hard macros: 0
  Number of floating I/O pads: 0
  Number of floating terminals: 0
  Number of floating hierarchical blocks: 0
************************************************************
Overall runtime: 0 seconds.
{PATH_11_0 PATH_11_1 PATH_11_2 PATH_11_3 PATH_11_4 PATH_11_5 PATH_11_6 PATH_11_7 PATH_11_8}
